\BOOKMARK [0][-]{chapter*.2}{Introduction}{}% 1
\BOOKMARK [0][-]{chapter.1}{The Standard Model, Higgs Boson and New Scalar Particles }{}% 2
\BOOKMARK [0][-]{chapter.2}{CMS e LHC}{}% 3
\BOOKMARK [0][-]{chapter.3}{Monte Carlo event simulation}{}% 4
\BOOKMARK [0][-]{chapter.4}{Event Reconstruction}{}% 5
\BOOKMARK [0][-]{chapter.5}{Analysis strategy}{}% 6
\BOOKMARK [1][-]{section.5.1}{Analysis strategy}{chapter.5}% 7
\BOOKMARK [2][-]{subsection.5.1.1}{Introduction}{section.5.1}% 8
\BOOKMARK [2][-]{subsection.5.1.2}{Discriminating variable}{section.5.1}% 9
\BOOKMARK [1][-]{section.5.2}{Opposite Flavor final state}{chapter.5}% 10
\BOOKMARK [2][-]{subsection.5.2.1}{Signal region}{section.5.2}% 11
\BOOKMARK [2][-]{subsection.5.2.2}{Signal region Unblinding}{section.5.2}% 12
\BOOKMARK [2][-]{subsection.5.2.3}{Background estimation}{section.5.2}% 13
\BOOKMARK [2][-]{subsection.5.2.4}{Drell-Yan \040control region}{section.5.2}% 14
\BOOKMARK [2][-]{subsection.5.2.5}{Top control region}{section.5.2}% 15
\BOOKMARK [1][-]{section.5.3}{Same Flavor final state}{chapter.5}% 16
\BOOKMARK [2][-]{subsection.5.3.1}{Signal region}{section.5.3}% 17
\BOOKMARK [2][-]{subsection.5.3.2}{Signal region Unblinding}{section.5.3}% 18
\BOOKMARK [2][-]{subsection.5.3.3}{Drell-Yan control region}{section.5.3}% 19
\BOOKMARK [2][-]{subsection.5.3.4}{Top control region}{section.5.3}% 20
\BOOKMARK [0][-]{chapter.6}{Results and Interpretation}{}% 21
\BOOKMARK [0][-]{appendix.A}{Special commands }{}% 22
